<?xml version="1.0" encoding="UTF-8"?>
<!-- Generated by org.testng.reporters.JUnitReportReporter -->
<testsuite hostname="5E117789H" name="Test_Scripts.Vimeo_StaffPick_Test" tests="1" failures="0" timestamp="11 Jul 2016 15:11:52 GMT" time="0.160" errors="0">
  <testcase name="searchvideotest" time="0.160" classname="Test_Scripts.Vimeo_StaffPick_Test"/>
</testsuite> <!-- Test_Scripts.Vimeo_StaffPick_Test -->
