<?xml version="1.0" encoding="UTF-8"?>
<!-- Generated by org.testng.reporters.JUnitReportReporter -->
<testsuite hostname="5E117789H" name="Test_Scripts.Vimeotest2" tests="1" failures="0" timestamp="5 Jul 2016 16:12:15 GMT" time="1.732" errors="0">
  <testcase name="GotoJoinPage" time="1.732" classname="Test_Scripts.Vimeotest2"/>
</testsuite> <!-- Test_Scripts.Vimeotest2 -->
