<?xml version="1.0" encoding="UTF-8"?>
<!-- Generated by org.testng.reporters.JUnitReportReporter -->
<testsuite hostname="5E117789H" name="Test_Scripts.Vimeotest3" tests="1" failures="0" timestamp="10 Jul 2016 00:19:07 GMT" time="1.815" errors="0">
  <testcase name="GotoJoinPage" time="1.815" classname="Test_Scripts.Vimeotest3"/>
</testsuite> <!-- Test_Scripts.Vimeotest3 -->
